#
# There is insufficient memory for the Java Runtime Environment to continue.
# Native memory allocation (malloc) failed to allocate 1048576 bytes for AllocateHeap
# Possible reasons:
#   The system is out of physical RAM or swap space
#   In 32 bit mode, the process size limit was hit
# Possible solutions:
#   Reduce memory load on the system
#   Increase physical memory or swap space
#   Check if swap backing store is full
#   Use 64 bit Java on a 64 bit OS
#   Decrease Java heap size (-Xmx/-Xms)
#   Decrease number of Java threads
#   Decrease Java thread stack sizes (-Xss)
#   Set larger code cache with -XX:ReservedCodeCacheSize=
# This output file may be truncated or incomplete.
#
#  Out of Memory Error (memory/allocation.inline.hpp:61), pid=5200, tid=9584
#
# JRE version:  (8.0_60-b27) (build )
# Java VM: Java HotSpot(TM) 64-Bit Server VM (25.60-b23 mixed mode windows-amd64 compressed oops)
# Failed to write core dump. Minidumps are not enabled by default on client versions of Windows
#

---------------  T H R E A D  ---------------

Current thread (0x0000000002bee000):  JavaThread "Unknown thread" [_thread_in_vm, id=9584, stack(0x0000000002a20000,0x0000000002b20000)]

Stack: [0x0000000002a20000,0x0000000002b20000]
[error occurred during error reporting (printing stack bounds), id 0xc0000005]

Native frames: (J=compiled Java code, j=interpreted, Vv=VM code, C=native code)


---------------  P R O C E S S  ---------------

Java Threads: ( => current thread )

Other Threads:

=>0x0000000002bee000 (exited) JavaThread "Unknown thread" [_thread_in_vm, id=9584, stack(0x0000000002a20000,0x0000000002b20000)]

VM state:not at safepoint (normal execution)

VM Mutex/Monitor currently owned by a thread: None

Heap:
 PSYoungGen      total 56320K, used 972K [0x00000000eab00000, 0x00000000ee980000, 0x0000000100000000)
  eden space 48640K, 2% used [0x00000000eab00000,0x00000000eabf3340,0x00000000eda80000)
  from space 7680K, 0% used [0x00000000ee200000,0x00000000ee200000,0x00000000ee980000)
  to   space 7680K, 0% used [0x00000000eda80000,0x00000000eda80000,0x00000000ee200000)
 ParOldGen       total 128512K, used 0K [0x00000000c0000000, 0x00000000c7d80000, 0x00000000eab00000)
  object space 128512K, 0% used [0x00000000c0000000,0x00000000c0000000,0x00000000c7d80000)
 Metaspace       used 767K, capacity 4480K, committed 4480K, reserved 1056768K
  class space    used 75K, capacity 384K, committed 384K, reserved 1048576K

Card table byte_map: [0x00000000120b0000,0x00000000122c0000] byte_map_base: 0x0000000011ab0000

Marking Bits: (ParMarkBitMap*) 0x000000006f58a5b0
 Begin Bits: [0x0000000012820000, 0x0000000013820000)
 End Bits:   [0x0000000013820000, 0x0000000014820000)

Polling page: 0x0000000002b20000

CodeCache: size=245760Kb used=328Kb max_used=328Kb free=245431Kb
 bounds [0x0000000002cf0000, 0x0000000002f60000, 0x0000000011cf0000]
 total_blobs=57 nmethods=0 adapters=37
 compilation: enabled

Compilation events (0 events):
No events

GC Heap History (0 events):
No events

Deoptimization events (0 events):
No events

Internal exceptions (0 events):
No events

Events (10 events):
Event: 0.036 loading class java/lang/Short
Event: 0.037 loading class java/lang/Short done
Event: 0.037 loading class java/lang/Integer
Event: 0.037 loading class java/lang/Integer done
Event: 0.037 loading class java/lang/Long
Event: 0.037 loading class java/lang/Long done
Event: 0.038 loading class java/lang/NullPointerException
Event: 0.038 loading class java/lang/NullPointerException done
Event: 0.038 loading class java/lang/ArithmeticException
Event: 0.038 loading class java/lang/ArithmeticException done


Dynamic libraries:
0x00007ff646be0000 - 0x00007ff646c17000 	C:\Program Files\Java\jdk1.8.0_60\bin\java.exe
0x00007ffbd3c20000 - 0x00007ffbd3de1000 	C:\WINDOWS\SYSTEM32\ntdll.dll
0x00007ffbd37d0000 - 0x00007ffbd387d000 	C:\WINDOWS\system32\KERNEL32.DLL
0x00007ffbd1110000 - 0x00007ffbd12ed000 	C:\WINDOWS\system32\KERNELBASE.dll
0x00007ffbd1410000 - 0x00007ffbd14b6000 	C:\WINDOWS\system32\ADVAPI32.dll
0x00007ffbd39d0000 - 0x00007ffbd3a6d000 	C:\WINDOWS\system32\msvcrt.dll
0x00007ffbd2c40000 - 0x00007ffbd2c9b000 	C:\WINDOWS\system32\sechost.dll
0x00007ffbd3370000 - 0x00007ffbd3496000 	C:\WINDOWS\system32\RPCRT4.dll
0x00007ffbd3880000 - 0x00007ffbd39ce000 	C:\WINDOWS\system32\USER32.dll
0x00007ffbd2ab0000 - 0x00007ffbd2c36000 	C:\WINDOWS\system32\GDI32.dll
0x00007ffbc4000000 - 0x00007ffbc4274000 	C:\WINDOWS\WinSxS\amd64_microsoft.windows.common-controls_6595b64144ccf1df_6.0.10240.16384_none_f41f7b285750ef43\COMCTL32.dll
0x00007ffbd32c0000 - 0x00007ffbd32f6000 	C:\WINDOWS\system32\IMM32.DLL
0x00007ffbd3140000 - 0x00007ffbd329c000 	C:\WINDOWS\system32\MSCTF.dll
0x000000006e900000 - 0x000000006e9d2000 	C:\Program Files\Java\jdk1.8.0_60\jre\bin\msvcr100.dll
0x000000006ed80000 - 0x000000006f609000 	C:\Program Files\Java\jdk1.8.0_60\jre\bin\server\jvm.dll
0x00007ffbd37c0000 - 0x00007ffbd37c8000 	C:\WINDOWS\system32\PSAPI.DLL
0x00007ffbaa420000 - 0x00007ffbaa429000 	C:\WINDOWS\SYSTEM32\WSOCK32.dll
0x00007ffbce7d0000 - 0x00007ffbce7f3000 	C:\WINDOWS\SYSTEM32\WINMM.dll
0x00007ffbc6930000 - 0x00007ffbc693a000 	C:\WINDOWS\SYSTEM32\VERSION.dll
0x00007ffbd3300000 - 0x00007ffbd3369000 	C:\WINDOWS\system32\WS2_32.dll
0x00007ffbd37b0000 - 0x00007ffbd37b8000 	C:\WINDOWS\system32\NSI.dll
0x00007ffbce770000 - 0x00007ffbce79c000 	C:\WINDOWS\SYSTEM32\WINMMBASE.dll
0x00007ffbd0d20000 - 0x00007ffbd0d64000 	C:\WINDOWS\system32\cfgmgr32.dll
0x00007ffbcef20000 - 0x00007ffbcef47000 	C:\WINDOWS\SYSTEM32\DEVOBJ.dll
0x000000006ed70000 - 0x000000006ed7f000 	C:\Program Files\Java\jdk1.8.0_60\jre\bin\verify.dll
0x000000006ed40000 - 0x000000006ed69000 	C:\Program Files\Java\jdk1.8.0_60\jre\bin\java.dll
0x000000006ed20000 - 0x000000006ed36000 	C:\Program Files\Java\jdk1.8.0_60\jre\bin\zip.dll

VM Arguments:
jvm_args: -Xmx1024M -Dfile.encoding=windows-1252 -Duser.country=US -Duser.language=en -Duser.variant 
java_command: com.android.dx.command.Main --dex --num-threads=4 --output J:\projects\MudateApp\app\build\intermediates\dex\debug J:\projects\MudateApp\app\build\intermediates\classes\debug J:\projects\MudateApp\app\build\intermediates\pre-dexed\debug\support-annotations-23.1.0-0fbc3cc4f575c3c50e6743525aa4e992b167d2c4.jar J:\projects\MudateApp\app\build\intermediates\pre-dexed\debug\classes-22059efa854440bc13c7c12657a2eab601a0a0af.jar J:\projects\MudateApp\app\build\intermediates\pre-dexed\debug\internal_impl-23.1.0-f5ca5df17795a8a8976a869872ca6a1a4c0f5227.jar J:\projects\MudateApp\app\build\intermediates\pre-dexed\debug\classes-348513768af9bb6180989cce478d01854bfa36cc.jar J:\projects\MudateApp\app\build\intermediates\pre-dexed\debug\classes-5e32614314ac2326a76bce8a9d1064a3bfc7584e.jar J:\projects\MudateApp\app\build\intermediates\pre-dexed\debug\classes-2c7d63825aef0b7f4ebf44f12507a12cd0666373.jar
java_class_path (initial): J:\Android\sdk\build-tools\23.0.1\lib\dx.jar
Launcher Type: SUN_STANDARD

Environment Variables:
PATH=C:\ProgramData\Oracle\Java\javapath;C:\Program Files (x86)\Intel\iCLS Client\;C:\Program Files\Intel\iCLS Client\;C:\WINDOWS\system32;C:\WINDOWS;C:\WINDOWS\System32\Wbem;C:\WINDOWS\System32\WindowsPowerShell\v1.0\;C:\Program Files\Intel\Intel(R) Management Engine Components\DAL;C:\Program Files\Intel\Intel(R) Management Engine Components\IPT;C:\Program Files (x86)\Intel\Intel(R) Management Engine Components\DAL;C:\Program Files (x86)\Intel\Intel(R) Management Engine Components\IPT;c:\Users\Richard\.openvpn\bin;C:\Program Files (x86)\Heroku\bin;C:\Program Files (x86)\git\cmd;C:\Python34;C:\Program Files (x86)\Skype\Phone\;C:\Program Files\nodejs\;C:\Windows\system32;C:\Windows;C:\Windows\System32\Wbem;C:\Windows\System32\WindowsPowerShell\v1.0\;C:\Program Files\nodejs\;C:\RailsInstaller\Git\cmd;C:\RailsInstaller\Ruby2.1.0\bin;C:\Users\Richard\adb;C:\Users\Richard\AppData\Roaming\npm
USERNAME=Richard
OS=Windows_NT
PROCESSOR_IDENTIFIER=Intel64 Family 6 Model 58 Stepping 9, GenuineIntel



---------------  S Y S T E M  ---------------

OS: Windows 10.0 , 64 bit Build 10240 (10.0.10240.16384)

CPU:total 4 (4 cores per cpu, 1 threads per core) family 6 model 58 stepping 9, cmov, cx8, fxsr, mmx, sse, sse2, sse3, ssse3, sse4.1, sse4.2, popcnt, avx, aes, clmul, erms, tsc, tscinvbit, tscinv

Memory: 4k page, physical 12257336k(1696240k free), swap 13305912k(5664k free)

vm_info: Java HotSpot(TM) 64-Bit Server VM (25.60-b23) for windows-amd64 JRE (1.8.0_60-b27), built on Aug  4 2015 11:06:27 by "java_re" with MS VC++ 10.0 (VS2010)

time: Sun Oct 25 22:17:45 2015
elapsed time: 0 seconds (0d 0h 0m 0s)

